<?xml version="1.0" encoding="UTF-8"?>
<!-- Generated by org.testng.reporters.JUnitXMLReporter -->
<testsuite hostname="Admin-PC" ignored="0" name="carTest" tests="3" failures="3" timestamp="2023-01-10T15:33:29 IST" time="0.088" errors="0">
  <testcase name="BMW" time="0.0" classname="cars.TC_car_01">
    <failure type="org.testng.TestNGException" message="
Parameter &amp;apos;browser&amp;apos; is required by @Test on method BMW but has not been marked @Optional or defined
in C:\Users\Admin\Documents\project\seleniumtraining2\testng.xml">
      <![CDATA[org.testng.TestNGException: 
Parameter 'browser' is required by @Test on method BMW but has not been marked @Optional or defined
in C:\Users\Admin\Documents\project\seleniumtraining2\testng.xml
at java.util.ArrayList.forEach(ArrayList.java:1259)
at java.util.concurrent.FutureTask.run(FutureTask.java:266)
at java.util.concurrent.ThreadPoolExecutor.runWorker(ThreadPoolExecutor.java:1149)
at java.util.concurrent.ThreadPoolExecutor$Worker.run(ThreadPoolExecutor.java:624)
at java.lang.Thread.run(Thread.java:748)
... Removed 17 stack frames]]>
    </failure>
  </testcase> <!-- BMW -->
  <testcase name="audi" time="0.0" classname="cars.TC_car_02">
    <failure type="org.testng.TestNGException" message="
Parameter &amp;apos;browser&amp;apos; is required by @Test on method audi but has not been marked @Optional or defined
in C:\Users\Admin\Documents\project\seleniumtraining2\testng.xml">
      <![CDATA[org.testng.TestNGException: 
Parameter 'browser' is required by @Test on method audi but has not been marked @Optional or defined
in C:\Users\Admin\Documents\project\seleniumtraining2\testng.xml
at java.util.ArrayList.forEach(ArrayList.java:1259)
at java.util.concurrent.FutureTask.run(FutureTask.java:266)
at java.util.concurrent.ThreadPoolExecutor.runWorker(ThreadPoolExecutor.java:1149)
at java.util.concurrent.ThreadPoolExecutor$Worker.run(ThreadPoolExecutor.java:624)
at java.lang.Thread.run(Thread.java:748)
... Removed 17 stack frames]]>
    </failure>
  </testcase> <!-- audi -->
  <testcase name="BMW" time="0.0" classname="cars.TC_car_03">
    <failure type="org.testng.TestNGException" message="
Parameter &amp;apos;browser&amp;apos; is required by @Test on method BMW but has not been marked @Optional or defined
in C:\Users\Admin\Documents\project\seleniumtraining2\testng.xml">
      <![CDATA[org.testng.TestNGException: 
Parameter 'browser' is required by @Test on method BMW but has not been marked @Optional or defined
in C:\Users\Admin\Documents\project\seleniumtraining2\testng.xml
at java.util.ArrayList.forEach(ArrayList.java:1259)
at java.util.concurrent.FutureTask.run(FutureTask.java:266)
at java.util.concurrent.ThreadPoolExecutor.runWorker(ThreadPoolExecutor.java:1149)
at java.util.concurrent.ThreadPoolExecutor$Worker.run(ThreadPoolExecutor.java:624)
at java.lang.Thread.run(Thread.java:748)
... Removed 17 stack frames]]>
    </failure>
  </testcase> <!-- BMW -->
</testsuite> <!-- carTest -->
