<?xml version="1.0" encoding="UTF-8"?>
<!-- Generated by org.testng.reporters.JUnitReportReporter -->
<testsuite skipped="0" hostname="Admin-PC" name="dataprovider.ToReadUserIdNPassword" tests="2" failures="0" timestamp="2023-01-11T14:40:44 IST" time="53.517" errors="1">
  <testcase name="launchApplication" time="40.071" classname="dataprovider.ToReadUserIdNPassword"/>
  <system-out/>
  <testcase name="launchApplication" time="13.446" classname="dataprovider.ToReadUserIdNPassword">
    <error type="org.openqa.selenium.WebDriverException" message="disconnected: received Inspector.detached event
  (failed to check if window was closed: disconnected: unable to connect to renderer)
  (Session info: chrome=108.0.5359.125)
Build info: version: &#039;3.141.59&#039;, revision: &#039;e82be7d358&#039;, time: &#039;2018-11-14T08:25:53&#039;
System info: host: &#039;ADMIN-PC&#039;, ip: &#039;10.10.61.241&#039;, os.name: &#039;Windows 7&#039;, os.arch: &#039;amd64&#039;, os.version: &#039;6.1&#039;, java.version: &#039;1.8.0_311&#039;
Driver info: driver.version: ChromeDriver
remote stacktrace: Backtrace:
	(No symbol) [0x0100F243]
	(No symbol) [0x00F97FD1]
	(No symbol) [0x00E8D04D]
	(No symbol) [0x00E80A79]
	(No symbol) [0x00E806F1]
	(No symbol) [0x00E7FB0B]
	(No symbol) [0x00E7FA5C]
	(No symbol) [0x00E7E7E8]
	(No symbol) [0x00E7EDC2]
	(No symbol) [0x00E7DC55]
	(No symbol) [0x00E8899C]
	(No symbol) [0x00E7D735]
	(No symbol) [0x00E7F703]
	(No symbol) [0x00E7E7E8]
	(No symbol) [0x00E7EDC2]
	(No symbol) [0x00E7DC55]
	(No symbol) [0x00E86493]
	(No symbol) [0x00E7D735]
	(No symbol) [0x00E7F703]
	(No symbol) [0x00E7E7E8]
	(No symbol) [0x00E7EDC2]
	(No symbol) [0x00E7DC55]
	(No symbol) [0x00E84072]
	(No symbol) [0x00E7D735]
	(No symbol) [0x00E7F703]
	(No symbol) [0x00E7E7E8]
	(No symbol) [0x00E7EDC2]
	(No symbol) [0x00E7DC55]
	(No symbol) [0x00E77E66]
	(No symbol) [0x00E7D735]
	(No symbol) [0x00E7CEE0]
	(No symbol) [0x00E7CB37]
	(No symbol) [0x00E8E5F3]
	(No symbol) [0x00E720A7]
	(No symbol) [0x00E7127B]
	(No symbol) [0x00EDF1FF]
	(No symbol) [0x00EDEB2A]
	(No symbol) [0x00ED8386]
	(No symbol) [0x00EB163C]
	(No symbol) [0x00EB269D]
	GetHandleVerifier [0x012A9A22+2655074]
	GetHandleVerifier [0x0129CA24+2601828]
	GetHandleVerifier [0x010B8C0A+619850]
	GetHandleVerifier [0x010B7830+614768]
	(No symbol) [0x00FA05FC]
	(No symbol) [0x00FA5968]
	(No symbol) [0x00FA5A55]
	(No symbol) [0x00FB051B]
	BaseThreadInitThunk [0x76A1343D+18]
	RtlInitializeExceptionChain [0x77D69812+99]
	RtlInitializeExceptionChain [0x77D697E5+54]
">
      <![CDATA[org.openqa.selenium.WebDriverException: disconnected: received Inspector.detached event
  (failed to check if window was closed: disconnected: unable to connect to renderer)
  (Session info: chrome=108.0.5359.125)
Build info: version: '3.141.59', revision: 'e82be7d358', time: '2018-11-14T08:25:53'
System info: host: 'ADMIN-PC', ip: '10.10.61.241', os.name: 'Windows 7', os.arch: 'amd64', os.version: '6.1', java.version: '1.8.0_311'
Driver info: driver.version: ChromeDriver
remote stacktrace: Backtrace:
(No symbol) [0x0100F243]
(No symbol) [0x00F97FD1]
(No symbol) [0x00E8D04D]
(No symbol) [0x00E80A79]
(No symbol) [0x00E806F1]
(No symbol) [0x00E7FB0B]
(No symbol) [0x00E7FA5C]
(No symbol) [0x00E7E7E8]
(No symbol) [0x00E7EDC2]
(No symbol) [0x00E7DC55]
(No symbol) [0x00E8899C]
(No symbol) [0x00E7D735]
(No symbol) [0x00E7F703]
(No symbol) [0x00E7E7E8]
(No symbol) [0x00E7EDC2]
(No symbol) [0x00E7DC55]
(No symbol) [0x00E86493]
(No symbol) [0x00E7D735]
(No symbol) [0x00E7F703]
(No symbol) [0x00E7E7E8]
(No symbol) [0x00E7EDC2]
(No symbol) [0x00E7DC55]
(No symbol) [0x00E84072]
(No symbol) [0x00E7D735]
(No symbol) [0x00E7F703]
(No symbol) [0x00E7E7E8]
(No symbol) [0x00E7EDC2]
(No symbol) [0x00E7DC55]
(No symbol) [0x00E77E66]
(No symbol) [0x00E7D735]
(No symbol) [0x00E7CEE0]
(No symbol) [0x00E7CB37]
(No symbol) [0x00E8E5F3]
(No symbol) [0x00E720A7]
(No symbol) [0x00E7127B]
(No symbol) [0x00EDF1FF]
(No symbol) [0x00EDEB2A]
(No symbol) [0x00ED8386]
(No symbol) [0x00EB163C]
(No symbol) [0x00EB269D]
GetHandleVerifier [0x012A9A22+2655074]
GetHandleVerifier [0x0129CA24+2601828]
GetHandleVerifier [0x010B8C0A+619850]
GetHandleVerifier [0x010B7830+614768]
(No symbol) [0x00FA05FC]
(No symbol) [0x00FA5968]
(No symbol) [0x00FA5A55]
(No symbol) [0x00FB051B]
BaseThreadInitThunk [0x76A1343D+18]
RtlInitializeExceptionChain [0x77D69812+99]
RtlInitializeExceptionChain [0x77D697E5+54]

at sun.reflect.NativeConstructorAccessorImpl.newInstance0(Native Method)
at sun.reflect.NativeConstructorAccessorImpl.newInstance(NativeConstructorAccessorImpl.java:62)
at sun.reflect.DelegatingConstructorAccessorImpl.newInstance(DelegatingConstructorAccessorImpl.java:45)
at java.lang.reflect.Constructor.newInstance(Constructor.java:423)
at org.openqa.selenium.remote.W3CHandshakeResponse.lambda$errorHandler$0(W3CHandshakeResponse.java:62)
at org.openqa.selenium.remote.HandshakeResponse.lambda$getResponseFunction$0(HandshakeResponse.java:30)
at org.openqa.selenium.remote.ProtocolHandshake.lambda$createSession$0(ProtocolHandshake.java:126)
at java.util.stream.ReferencePipeline$3$1.accept(ReferencePipeline.java:193)
at java.util.Spliterators$ArraySpliterator.tryAdvance(Spliterators.java:958)
at java.util.stream.ReferencePipeline.forEachWithCancel(ReferencePipeline.java:126)
at java.util.stream.AbstractPipeline.copyIntoWithCancel(AbstractPipeline.java:499)
at java.util.stream.AbstractPipeline.copyInto(AbstractPipeline.java:486)
at java.util.stream.AbstractPipeline.wrapAndCopyInto(AbstractPipeline.java:472)
at java.util.stream.FindOps$FindOp.evaluateSequential(FindOps.java:152)
at java.util.stream.AbstractPipeline.evaluate(AbstractPipeline.java:234)
at java.util.stream.ReferencePipeline.findFirst(ReferencePipeline.java:464)
at org.openqa.selenium.remote.ProtocolHandshake.createSession(ProtocolHandshake.java:128)
at org.openqa.selenium.remote.ProtocolHandshake.createSession(ProtocolHandshake.java:74)
at org.openqa.selenium.remote.HttpCommandExecutor.execute(HttpCommandExecutor.java:136)
at org.openqa.selenium.remote.service.DriverCommandExecutor.execute(DriverCommandExecutor.java:83)
at org.openqa.selenium.remote.RemoteWebDriver.execute(RemoteWebDriver.java:552)
at org.openqa.selenium.remote.RemoteWebDriver.startSession(RemoteWebDriver.java:213)
at org.openqa.selenium.remote.RemoteWebDriver.<init>(RemoteWebDriver.java:131)
at org.openqa.selenium.chrome.ChromeDriver.<init>(ChromeDriver.java:181)
at org.openqa.selenium.chrome.ChromeDriver.<init>(ChromeDriver.java:168)
at org.openqa.selenium.chrome.ChromeDriver.<init>(ChromeDriver.java:123)
at dataprovider.ToReadUserIdNPassword.launchApplication(ToReadUserIdNPassword.java:39)
at sun.reflect.NativeMethodAccessorImpl.invoke0(Native Method)
at sun.reflect.NativeMethodAccessorImpl.invoke(NativeMethodAccessorImpl.java:62)
at sun.reflect.DelegatingMethodAccessorImpl.invoke(DelegatingMethodAccessorImpl.java:43)
at java.lang.reflect.Method.invoke(Method.java:498)
at org.testng.internal.MethodInvocationHelper.invokeMethod(MethodInvocationHelper.java:132)
at org.testng.internal.TestInvoker.invokeMethod(TestInvoker.java:599)
at org.testng.internal.TestInvoker.invokeTestMethod(TestInvoker.java:174)
at org.testng.internal.MethodRunner.runInSequence(MethodRunner.java:46)
at org.testng.internal.TestInvoker$MethodInvocationAgent.invoke(TestInvoker.java:822)
at org.testng.internal.TestInvoker.invokeTestMethods(TestInvoker.java:147)
at org.testng.internal.TestMethodWorker.invokeTestMethods(TestMethodWorker.java:146)
at org.testng.internal.TestMethodWorker.run(TestMethodWorker.java:128)
at java.util.ArrayList.forEach(ArrayList.java:1259)
at org.testng.TestRunner.privateRun(TestRunner.java:764)
at org.testng.TestRunner.run(TestRunner.java:585)
at org.testng.SuiteRunner.runTest(SuiteRunner.java:384)
at org.testng.SuiteRunner.runSequentially(SuiteRunner.java:378)
at org.testng.SuiteRunner.privateRun(SuiteRunner.java:337)
at org.testng.SuiteRunner.run(SuiteRunner.java:286)
at org.testng.SuiteRunnerWorker.runSuite(SuiteRunnerWorker.java:53)
at org.testng.SuiteRunnerWorker.run(SuiteRunnerWorker.java:96)
at org.testng.TestNG.runSuitesSequentially(TestNG.java:1218)
at org.testng.TestNG.runSuitesLocally(TestNG.java:1140)
at org.testng.TestNG.runSuites(TestNG.java:1069)
at org.testng.TestNG.run(TestNG.java:1037)
at org.testng.remote.AbstractRemoteTestNG.run(AbstractRemoteTestNG.java:115)
at org.testng.remote.RemoteTestNG.initAndRun(RemoteTestNG.java:251)
at org.testng.remote.RemoteTestNG.main(RemoteTestNG.java:77)
]]>
    </error>
  </testcase> <!-- launchApplication -->
  <system-out/>
</testsuite> <!-- dataprovider.ToReadUserIdNPassword -->
